{"/Users/yusufemirsamsa/dev/create-mvp-app/src/index.ts": {"path":"/Users/yusufemirsamsa/dev/create-mvp-app/src/index.ts","statementMap":{"0":{"start":{"line":12,"column":16},"end":{"line":12,"column":null}},"1":{"start":{"line":14,"column":0},"end":{"line":271,"column":null}},"2":{"start":{"line":33,"column":4},"end":{"line":33,"column":null}},"3":{"start":{"line":36,"column":22},"end":{"line":36,"column":null}},"4":{"start":{"line":37,"column":4},"end":{"line":39,"column":null}},"5":{"start":{"line":38,"column":6},"end":{"line":38,"column":null}},"6":{"start":{"line":43,"column":4},"end":{"line":233,"column":null}},"7":{"start":{"line":45,"column":6},"end":{"line":48,"column":null}},"8":{"start":{"line":46,"column":8},"end":{"line":46,"column":null}},"9":{"start":{"line":47,"column":8},"end":{"line":47,"column":null}},"10":{"start":{"line":50,"column":6},"end":{"line":75,"column":null}},"11":{"start":{"line":78,"column":24},"end":{"line":134,"column":null}},"12":{"start":{"line":85,"column":12},"end":{"line":85,"column":null}},"13":{"start":{"line":136,"column":6},"end":{"line":139,"column":null}},"14":{"start":{"line":137,"column":8},"end":{"line":137,"column":null}},"15":{"start":{"line":138,"column":8},"end":{"line":138,"column":null}},"16":{"start":{"line":141,"column":23},"end":{"line":141,"column":null}},"17":{"start":{"line":142,"column":33},"end":{"line":142,"column":null}},"18":{"start":{"line":143,"column":25},"end":{"line":151,"column":null}},"19":{"start":{"line":153,"column":6},"end":{"line":167,"column":null}},"20":{"start":{"line":154,"column":24},"end":{"line":165,"column":null}},"21":{"start":{"line":166,"column":8},"end":{"line":166,"column":null}},"22":{"start":{"line":169,"column":6},"end":{"line":183,"column":null}},"23":{"start":{"line":170,"column":22},"end":{"line":181,"column":null}},"24":{"start":{"line":182,"column":8},"end":{"line":182,"column":null}},"25":{"start":{"line":185,"column":6},"end":{"line":199,"column":null}},"26":{"start":{"line":186,"column":27},"end":{"line":197,"column":null}},"27":{"start":{"line":198,"column":8},"end":{"line":198,"column":null}},"28":{"start":{"line":201,"column":6},"end":{"line":210,"column":null}},"29":{"start":{"line":202,"column":30},"end":{"line":208,"column":null}},"30":{"start":{"line":209,"column":8},"end":{"line":209,"column":null}},"31":{"start":{"line":212,"column":6},"end":{"line":232,"column":null}},"32":{"start":{"line":236,"column":4},"end":{"line":270,"column":null}},"33":{"start":{"line":237,"column":6},"end":{"line":237,"column":null}},"34":{"start":{"line":239,"column":6},"end":{"line":239,"column":null}},"35":{"start":{"line":242,"column":6},"end":{"line":254,"column":null}},"36":{"start":{"line":243,"column":14},"end":{"line":243,"column":null}},"37":{"start":{"line":244,"column":8},"end":{"line":253,"column":null}},"38":{"start":{"line":246,"column":10},"end":{"line":246,"column":null}},"39":{"start":{"line":247,"column":10},"end":{"line":247,"column":null}},"40":{"start":{"line":249,"column":10},"end":{"line":249,"column":null}},"41":{"start":{"line":250,"column":10},"end":{"line":252,"column":null}},"42":{"start":{"line":251,"column":12},"end":{"line":251,"column":null}},"43":{"start":{"line":256,"column":6},"end":{"line":256,"column":null}},"44":{"start":{"line":257,"column":6},"end":{"line":257,"column":null}},"45":{"start":{"line":259,"column":6},"end":{"line":261,"column":null}},"46":{"start":{"line":260,"column":8},"end":{"line":260,"column":null}},"47":{"start":{"line":262,"column":6},"end":{"line":264,"column":null}},"48":{"start":{"line":263,"column":8},"end":{"line":263,"column":null}},"49":{"start":{"line":266,"column":6},"end":{"line":266,"column":null}},"50":{"start":{"line":268,"column":6},"end":{"line":268,"column":null}},"51":{"start":{"line":269,"column":6},"end":{"line":269,"column":null}},"52":{"start":{"line":273,"column":0},"end":{"line":273,"column":null}}},"fnMap":{"0":{"name":"(anonymous_0)","decl":{"start":{"line":32,"column":10},"end":{"line":32,"column":17}},"loc":{"start":{"line":32,"column":42},"end":{"line":271,"column":3}},"line":32},"1":{"name":"(anonymous_1)","decl":{"start":{"line":84,"column":20},"end":{"line":84,"column":21}},"loc":{"start":{"line":85,"column":12},"end":{"line":85,"column":null}},"line":85}},"branchMap":{"0":{"loc":{"start":{"line":36,"column":22},"end":{"line":36,"column":null}},"type":"binary-expr","locations":[{"start":{"line":36,"column":22},"end":{"line":36,"column":39}},{"start":{"line":36,"column":39},"end":{"line":36,"column":null}}],"line":36},"1":{"loc":{"start":{"line":37,"column":4},"end":{"line":39,"column":null}},"type":"if","locations":[{"start":{"line":37,"column":4},"end":{"line":39,"column":null}},{"start":{},"end":{}}],"line":37},"2":{"loc":{"start":{"line":43,"column":4},"end":{"line":233,"column":null}},"type":"if","locations":[{"start":{"line":43,"column":4},"end":{"line":233,"column":null}},{"start":{"line":76,"column":11},"end":{"line":233,"column":null}}],"line":43},"3":{"loc":{"start":{"line":45,"column":6},"end":{"line":48,"column":null}},"type":"if","locations":[{"start":{"line":45,"column":6},"end":{"line":48,"column":null}},{"start":{},"end":{}}],"line":45},"4":{"loc":{"start":{"line":60,"column":31},"end":{"line":60,"column":null}},"type":"binary-expr","locations":[{"start":{"line":60,"column":31},"end":{"line":60,"column":51}},{"start":{"line":60,"column":51},"end":{"line":60,"column":null}}],"line":60},"5":{"loc":{"start":{"line":61,"column":26},"end":{"line":61,"column":null}},"type":"binary-expr","locations":[{"start":{"line":61,"column":26},"end":{"line":61,"column":49}},{"start":{"line":61,"column":49},"end":{"line":61,"column":null}}],"line":61},"6":{"loc":{"start":{"line":62,"column":23},"end":{"line":62,"column":null}},"type":"binary-expr","locations":[{"start":{"line":62,"column":23},"end":{"line":62,"column":46}},{"start":{"line":62,"column":46},"end":{"line":62,"column":null}}],"line":62},"7":{"loc":{"start":{"line":63,"column":27},"end":{"line":63,"column":null}},"type":"binary-expr","locations":[{"start":{"line":63,"column":27},"end":{"line":63,"column":50}},{"start":{"line":63,"column":50},"end":{"line":63,"column":null}}],"line":63},"8":{"loc":{"start":{"line":65,"column":22},"end":{"line":65,"column":null}},"type":"binary-expr","locations":[{"start":{"line":65,"column":22},"end":{"line":65,"column":38}},{"start":{"line":65,"column":38},"end":{"line":65,"column":null}}],"line":65},"9":{"loc":{"start":{"line":80,"column":16},"end":{"line":80,"column":null}},"type":"cond-expr","locations":[{"start":{"line":80,"column":30},"end":{"line":80,"column":37}},{"start":{"line":80,"column":37},"end":{"line":80,"column":null}}],"line":80},"10":{"loc":{"start":{"line":85,"column":12},"end":{"line":85,"column":null}},"type":"binary-expr","locations":[{"start":{"line":85,"column":12},"end":{"line":85,"column":42}},{"start":{"line":85,"column":42},"end":{"line":85,"column":null}}],"line":85},"11":{"loc":{"start":{"line":136,"column":6},"end":{"line":139,"column":null}},"type":"if","locations":[{"start":{"line":136,"column":6},"end":{"line":139,"column":null}},{"start":{},"end":{}}],"line":136},"12":{"loc":{"start":{"line":136,"column":10},"end":{"line":136,"column":63}},"type":"binary-expr","locations":[{"start":{"line":136,"column":10},"end":{"line":136,"column":49}},{"start":{"line":136,"column":49},"end":{"line":136,"column":63}}],"line":136},"13":{"loc":{"start":{"line":141,"column":23},"end":{"line":141,"column":null}},"type":"binary-expr","locations":[{"start":{"line":141,"column":23},"end":{"line":141,"column":45}},{"start":{"line":141,"column":45},"end":{"line":141,"column":null}}],"line":141},"14":{"loc":{"start":{"line":142,"column":33},"end":{"line":142,"column":null}},"type":"binary-expr","locations":[{"start":{"line":142,"column":33},"end":{"line":142,"column":65}},{"start":{"line":142,"column":65},"end":{"line":142,"column":null}}],"line":142},"15":{"loc":{"start":{"line":153,"column":6},"end":{"line":167,"column":null}},"type":"if","locations":[{"start":{"line":153,"column":6},"end":{"line":167,"column":null}},{"start":{},"end":{}}],"line":153},"16":{"loc":{"start":{"line":153,"column":10},"end":{"line":153,"column":65}},"type":"binary-expr","locations":[{"start":{"line":153,"column":10},"end":{"line":153,"column":38}},{"start":{"line":153,"column":38},"end":{"line":153,"column":65}}],"line":153},"17":{"loc":{"start":{"line":169,"column":6},"end":{"line":183,"column":null}},"type":"if","locations":[{"start":{"line":169,"column":6},"end":{"line":183,"column":null}},{"start":{},"end":{}}],"line":169},"18":{"loc":{"start":{"line":169,"column":10},"end":{"line":169,"column":63}},"type":"binary-expr","locations":[{"start":{"line":169,"column":10},"end":{"line":169,"column":38}},{"start":{"line":169,"column":38},"end":{"line":169,"column":63}}],"line":169},"19":{"loc":{"start":{"line":185,"column":6},"end":{"line":199,"column":null}},"type":"if","locations":[{"start":{"line":185,"column":6},"end":{"line":199,"column":null}},{"start":{},"end":{}}],"line":185},"20":{"loc":{"start":{"line":185,"column":10},"end":{"line":185,"column":78}},"type":"binary-expr","locations":[{"start":{"line":185,"column":10},"end":{"line":185,"column":38}},{"start":{"line":185,"column":38},"end":{"line":185,"column":78}}],"line":185},"21":{"loc":{"start":{"line":201,"column":6},"end":{"line":210,"column":null}},"type":"if","locations":[{"start":{"line":201,"column":6},"end":{"line":210,"column":null}},{"start":{},"end":{}}],"line":201},"22":{"loc":{"start":{"line":201,"column":10},"end":{"line":201,"column":81}},"type":"binary-expr","locations":[{"start":{"line":201,"column":10},"end":{"line":201,"column":38}},{"start":{"line":201,"column":38},"end":{"line":201,"column":81}}],"line":201},"23":{"loc":{"start":{"line":213,"column":21},"end":{"line":213,"column":null}},"type":"binary-expr","locations":[{"start":{"line":213,"column":21},"end":{"line":213,"column":36}},{"start":{"line":213,"column":36},"end":{"line":213,"column":null}}],"line":213},"24":{"loc":{"start":{"line":242,"column":6},"end":{"line":254,"column":null}},"type":"if","locations":[{"start":{"line":242,"column":6},"end":{"line":254,"column":null}},{"start":{},"end":{}}],"line":242},"25":{"loc":{"start":{"line":250,"column":10},"end":{"line":252,"column":null}},"type":"if","locations":[{"start":{"line":250,"column":10},"end":{"line":252,"column":null}},{"start":{},"end":{}}],"line":250},"26":{"loc":{"start":{"line":259,"column":6},"end":{"line":261,"column":null}},"type":"if","locations":[{"start":{"line":259,"column":6},"end":{"line":261,"column":null}},{"start":{},"end":{}}],"line":259},"27":{"loc":{"start":{"line":259,"column":10},"end":{"line":259,"column":69}},"type":"binary-expr","locations":[{"start":{"line":259,"column":10},"end":{"line":259,"column":49}},{"start":{"line":259,"column":49},"end":{"line":259,"column":69}}],"line":259},"28":{"loc":{"start":{"line":262,"column":6},"end":{"line":264,"column":null}},"type":"if","locations":[{"start":{"line":262,"column":6},"end":{"line":264,"column":null}},{"start":{},"end":{}}],"line":262},"29":{"loc":{"start":{"line":262,"column":10},"end":{"line":262,"column":59}},"type":"binary-expr","locations":[{"start":{"line":262,"column":10},"end":{"line":262,"column":41}},{"start":{"line":262,"column":41},"end":{"line":262,"column":59}}],"line":262}},"s":{"0":0,"1":0,"2":0,"3":0,"4":0,"5":0,"6":0,"7":0,"8":0,"9":0,"10":0,"11":0,"12":0,"13":0,"14":0,"15":0,"16":0,"17":0,"18":0,"19":0,"20":0,"21":0,"22":0,"23":0,"24":0,"25":0,"26":0,"27":0,"28":0,"29":0,"30":0,"31":0,"32":0,"33":0,"34":0,"35":0,"36":0,"37":0,"38":0,"39":0,"40":0,"41":0,"42":0,"43":0,"44":0,"45":0,"46":0,"47":0,"48":0,"49":0,"50":0,"51":0,"52":0},"f":{"0":0,"1":0},"b":{"0":[0,0],"1":[0,0],"2":[0,0],"3":[0,0],"4":[0,0],"5":[0,0],"6":[0,0],"7":[0,0],"8":[0,0],"9":[0,0],"10":[0,0],"11":[0,0],"12":[0,0],"13":[0,0],"14":[0,0],"15":[0,0],"16":[0,0],"17":[0,0],"18":[0,0],"19":[0,0],"20":[0,0],"21":[0,0],"22":[0,0],"23":[0,0],"24":[0,0],"25":[0,0],"26":[0,0],"27":[0,0],"28":[0,0],"29":[0,0]},"meta":{"lastBranch":30,"lastFunction":2,"lastStatement":53,"seen":{"s:12:16:12:Infinity":0,"s:14:0:271:Infinity":1,"f:32:10:32:17":0,"s:33:4:33:Infinity":2,"s:36:22:36:Infinity":3,"b:36:22:36:39:36:39:36:Infinity":0,"b:37:4:39:Infinity:undefined:undefined:undefined:undefined":1,"s:37:4:39:Infinity":4,"s:38:6:38:Infinity":5,"b:43:4:233:Infinity:76:11:233:Infinity":2,"s:43:4:233:Infinity":6,"b:45:6:48:Infinity:undefined:undefined:undefined:undefined":3,"s:45:6:48:Infinity":7,"s:46:8:46:Infinity":8,"s:47:8:47:Infinity":9,"s:50:6:75:Infinity":10,"b:60:31:60:51:60:51:60:Infinity":4,"b:61:26:61:49:61:49:61:Infinity":5,"b:62:23:62:46:62:46:62:Infinity":6,"b:63:27:63:50:63:50:63:Infinity":7,"b:65:22:65:38:65:38:65:Infinity":8,"s:78:24:134:Infinity":11,"b:80:30:80:37:80:37:80:Infinity":9,"f:84:20:84:21":1,"s:85:12:85:Infinity":12,"b:85:12:85:42:85:42:85:Infinity":10,"b:136:6:139:Infinity:undefined:undefined:undefined:undefined":11,"s:136:6:139:Infinity":13,"b:136:10:136:49:136:49:136:63":12,"s:137:8:137:Infinity":14,"s:138:8:138:Infinity":15,"s:141:23:141:Infinity":16,"b:141:23:141:45:141:45:141:Infinity":13,"s:142:33:142:Infinity":17,"b:142:33:142:65:142:65:142:Infinity":14,"s:143:25:151:Infinity":18,"b:153:6:167:Infinity:undefined:undefined:undefined:undefined":15,"s:153:6:167:Infinity":19,"b:153:10:153:38:153:38:153:65":16,"s:154:24:165:Infinity":20,"s:166:8:166:Infinity":21,"b:169:6:183:Infinity:undefined:undefined:undefined:undefined":17,"s:169:6:183:Infinity":22,"b:169:10:169:38:169:38:169:63":18,"s:170:22:181:Infinity":23,"s:182:8:182:Infinity":24,"b:185:6:199:Infinity:undefined:undefined:undefined:undefined":19,"s:185:6:199:Infinity":25,"b:185:10:185:38:185:38:185:78":20,"s:186:27:197:Infinity":26,"s:198:8:198:Infinity":27,"b:201:6:210:Infinity:undefined:undefined:undefined:undefined":21,"s:201:6:210:Infinity":28,"b:201:10:201:38:201:38:201:81":22,"s:202:30:208:Infinity":29,"s:209:8:209:Infinity":30,"s:212:6:232:Infinity":31,"b:213:21:213:36:213:36:213:Infinity":23,"s:236:4:270:Infinity":32,"s:237:6:237:Infinity":33,"s:239:6:239:Infinity":34,"b:242:6:254:Infinity:undefined:undefined:undefined:undefined":24,"s:242:6:254:Infinity":35,"s:243:14:243:Infinity":36,"s:244:8:253:Infinity":37,"s:246:10:246:Infinity":38,"s:247:10:247:Infinity":39,"s:249:10:249:Infinity":40,"b:250:10:252:Infinity:undefined:undefined:undefined:undefined":25,"s:250:10:252:Infinity":41,"s:251:12:251:Infinity":42,"s:256:6:256:Infinity":43,"s:257:6:257:Infinity":44,"b:259:6:261:Infinity:undefined:undefined:undefined:undefined":26,"s:259:6:261:Infinity":45,"b:259:10:259:49:259:49:259:69":27,"s:260:8:260:Infinity":46,"b:262:6:264:Infinity:undefined:undefined:undefined:undefined":28,"s:262:6:264:Infinity":47,"b:262:10:262:41:262:41:262:59":29,"s:263:8:263:Infinity":48,"s:266:6:266:Infinity":49,"s:268:6:268:Infinity":50,"s:269:6:269:Infinity":51,"s:273:0:273:Infinity":52}}}
,"/Users/yusufemirsamsa/dev/create-mvp-app/src/types.ts": {"path":"/Users/yusufemirsamsa/dev/create-mvp-app/src/types.ts","statementMap":{},"fnMap":{},"branchMap":{},"s":{},"f":{},"b":{},"meta":{"lastBranch":0,"lastFunction":0,"lastStatement":0,"seen":{}}}
,"/Users/yusufemirsamsa/dev/create-mvp-app/src/lib/create-project.ts": {"path":"/Users/yusufemirsamsa/dev/create-mvp-app/src/lib/create-project.ts","statementMap":{"0":{"start":{"line":24,"column":20},"end":{"line":24,"column":null}},"1":{"start":{"line":25,"column":8},"end":{"line":25,"column":null}},"2":{"start":{"line":26,"column":22},"end":{"line":26,"column":null}},"3":{"start":{"line":28,"column":2},"end":{"line":28,"column":null}},"4":{"start":{"line":29,"column":2},"end":{"line":29,"column":null}},"5":{"start":{"line":32,"column":2},"end":{"line":37,"column":null}},"6":{"start":{"line":33,"column":4},"end":{"line":33,"column":null}},"7":{"start":{"line":34,"column":4},"end":{"line":34,"column":null}},"8":{"start":{"line":36,"column":4},"end":{"line":36,"column":null}},"9":{"start":{"line":36,"column":33},"end":{"line":36,"column":null}},"10":{"start":{"line":40,"column":2},"end":{"line":40,"column":null}},"11":{"start":{"line":43,"column":2},"end":{"line":43,"column":null}},"12":{"start":{"line":46,"column":2},"end":{"line":46,"column":null}},"13":{"start":{"line":47,"column":2},"end":{"line":47,"column":null}},"14":{"start":{"line":50,"column":2},"end":{"line":52,"column":null}},"15":{"start":{"line":51,"column":4},"end":{"line":51,"column":null}},"16":{"start":{"line":55,"column":2},"end":{"line":55,"column":null}},"17":{"start":{"line":58,"column":2},"end":{"line":60,"column":null}},"18":{"start":{"line":59,"column":4},"end":{"line":59,"column":null}},"19":{"start":{"line":63,"column":2},"end":{"line":65,"column":null}},"20":{"start":{"line":64,"column":4},"end":{"line":64,"column":null}},"21":{"start":{"line":68,"column":8},"end":{"line":68,"column":null}},"22":{"start":{"line":69,"column":2},"end":{"line":69,"column":null}},"23":{"start":{"line":70,"column":2},"end":{"line":70,"column":null}},"24":{"start":{"line":71,"column":2},"end":{"line":71,"column":null}},"25":{"start":{"line":72,"column":2},"end":{"line":72,"column":null}},"26":{"start":{"line":75,"column":2},"end":{"line":77,"column":null}},"27":{"start":{"line":76,"column":4},"end":{"line":76,"column":null}},"28":{"start":{"line":80,"column":2},"end":{"line":82,"column":null}},"29":{"start":{"line":81,"column":4},"end":{"line":81,"column":null}}},"fnMap":{"0":{"name":"createProject","decl":{"start":{"line":23,"column":22},"end":{"line":23,"column":36}},"loc":{"start":{"line":23,"column":59},"end":{"line":83,"column":null}},"line":23}},"branchMap":{"0":{"loc":{"start":{"line":26,"column":22},"end":{"line":26,"column":null}},"type":"cond-expr","locations":[{"start":{"line":26,"column":41},"end":{"line":26,"column":73}},{"start":{"line":26,"column":73},"end":{"line":26,"column":null}}],"line":26},"1":{"loc":{"start":{"line":36,"column":4},"end":{"line":36,"column":null}},"type":"if","locations":[{"start":{"line":36,"column":4},"end":{"line":36,"column":null}},{"start":{},"end":{}}],"line":36},"2":{"loc":{"start":{"line":50,"column":2},"end":{"line":52,"column":null}},"type":"if","locations":[{"start":{"line":50,"column":2},"end":{"line":52,"column":null}},{"start":{},"end":{}}],"line":50},"3":{"loc":{"start":{"line":58,"column":2},"end":{"line":60,"column":null}},"type":"if","locations":[{"start":{"line":58,"column":2},"end":{"line":60,"column":null}},{"start":{},"end":{}}],"line":58},"4":{"loc":{"start":{"line":63,"column":2},"end":{"line":65,"column":null}},"type":"if","locations":[{"start":{"line":63,"column":2},"end":{"line":65,"column":null}},{"start":{},"end":{}}],"line":63},"5":{"loc":{"start":{"line":75,"column":2},"end":{"line":77,"column":null}},"type":"if","locations":[{"start":{"line":75,"column":2},"end":{"line":77,"column":null}},{"start":{},"end":{}}],"line":75},"6":{"loc":{"start":{"line":80,"column":2},"end":{"line":82,"column":null}},"type":"if","locations":[{"start":{"line":80,"column":2},"end":{"line":82,"column":null}},{"start":{},"end":{}}],"line":80}},"s":{"0":0,"1":0,"2":0,"3":0,"4":0,"5":0,"6":0,"7":0,"8":0,"9":0,"10":0,"11":0,"12":0,"13":0,"14":0,"15":0,"16":0,"17":0,"18":0,"19":0,"20":0,"21":0,"22":0,"23":0,"24":0,"25":0,"26":0,"27":0,"28":0,"29":0},"f":{"0":0},"b":{"0":[0,0],"1":[0,0],"2":[0,0],"3":[0,0],"4":[0,0],"5":[0,0],"6":[0,0]},"meta":{"lastBranch":7,"lastFunction":1,"lastStatement":30,"seen":{"f:23:22:23:36":0,"s:24:20:24:Infinity":0,"s:25:8:25:Infinity":1,"s:26:22:26:Infinity":2,"b:26:41:26:73:26:73:26:Infinity":0,"s:28:2:28:Infinity":3,"s:29:2:29:Infinity":4,"s:32:2:37:Infinity":5,"s:33:4:33:Infinity":6,"s:34:4:34:Infinity":7,"b:36:4:36:Infinity:undefined:undefined:undefined:undefined":1,"s:36:4:36:Infinity":8,"s:36:33:36:Infinity":9,"s:40:2:40:Infinity":10,"s:43:2:43:Infinity":11,"s:46:2:46:Infinity":12,"s:47:2:47:Infinity":13,"b:50:2:52:Infinity:undefined:undefined:undefined:undefined":2,"s:50:2:52:Infinity":14,"s:51:4:51:Infinity":15,"s:55:2:55:Infinity":16,"b:58:2:60:Infinity:undefined:undefined:undefined:undefined":3,"s:58:2:60:Infinity":17,"s:59:4:59:Infinity":18,"b:63:2:65:Infinity:undefined:undefined:undefined:undefined":4,"s:63:2:65:Infinity":19,"s:64:4:64:Infinity":20,"s:68:8:68:Infinity":21,"s:69:2:69:Infinity":22,"s:70:2:70:Infinity":23,"s:71:2:71:Infinity":24,"s:72:2:72:Infinity":25,"b:75:2:77:Infinity:undefined:undefined:undefined:undefined":5,"s:75:2:77:Infinity":26,"s:76:4:76:Infinity":27,"b:80:2:82:Infinity:undefined:undefined:undefined:undefined":6,"s:80:2:82:Infinity":28,"s:81:4:81:Infinity":29}}}
,"/Users/yusufemirsamsa/dev/create-mvp-app/src/lib/generators/config-files.ts": {"path":"/Users/yusufemirsamsa/dev/create-mvp-app/src/lib/generators/config-files.ts","statementMap":{"0":{"start":{"line":8,"column":2},"end":{"line":15,"column":null}},"1":{"start":{"line":18,"column":2},"end":{"line":18,"column":null}},"2":{"start":{"line":19,"column":25},"end":{"line":34,"column":null}},"3":{"start":{"line":35,"column":2},"end":{"line":35,"column":null}}},"fnMap":{"0":{"name":"generateConfigFiles","decl":{"start":{"line":6,"column":22},"end":{"line":6,"column":59}},"loc":{"start":{"line":6,"column":59},"end":{"line":36,"column":null}},"line":6}},"branchMap":{},"s":{"0":0,"1":0,"2":0,"3":0},"f":{"0":0},"b":{},"meta":{"lastBranch":0,"lastFunction":1,"lastStatement":4,"seen":{"f:6:22:6:59":0,"s:8:2:15:Infinity":0,"s:18:2:18:Infinity":1,"s:19:25:34:Infinity":2,"s:35:2:35:Infinity":3}}}
,"/Users/yusufemirsamsa/dev/create-mvp-app/src/lib/generators/cursor-rules.ts": {"path":"/Users/yusufemirsamsa/dev/create-mvp-app/src/lib/generators/cursor-rules.ts","statementMap":{"0":{"start":{"line":8,"column":6},"end":{"line":8,"column":null}},"1":{"start":{"line":9,"column":18},"end":{"line":9,"column":null}},"2":{"start":{"line":17,"column":23},"end":{"line":17,"column":null}},"3":{"start":{"line":18,"column":19},"end":{"line":18,"column":null}},"4":{"start":{"line":21,"column":23},"end":{"line":29,"column":null}},"5":{"start":{"line":32,"column":22},"end":{"line":32,"column":null}},"6":{"start":{"line":35,"column":2},"end":{"line":35,"column":null}}},"fnMap":{"0":{"name":"generateCursorRules","decl":{"start":{"line":15,"column":22},"end":{"line":15,"column":42}},"loc":{"start":{"line":15,"column":80},"end":{"line":36,"column":null}},"line":15}},"branchMap":{},"s":{"0":1,"1":1,"2":20,"3":20,"4":20,"5":20,"6":20},"f":{"0":20},"b":{},"meta":{"lastBranch":0,"lastFunction":1,"lastStatement":7,"seen":{"s:8:6:8:Infinity":0,"s:9:18:9:Infinity":1,"f:15:22:15:42":0,"s:17:23:17:Infinity":2,"s:18:19:18:Infinity":3,"s:21:23:29:Infinity":4,"s:32:22:32:Infinity":5,"s:35:2:35:Infinity":6}}}
,"/Users/yusufemirsamsa/dev/create-mvp-app/src/lib/generators/env-file.ts": {"path":"/Users/yusufemirsamsa/dev/create-mvp-app/src/lib/generators/env-file.ts","statementMap":{"0":{"start":{"line":8,"column":19},"end":{"line":8,"column":null}},"1":{"start":{"line":11,"column":2},"end":{"line":13,"column":null}},"2":{"start":{"line":12,"column":4},"end":{"line":12,"column":null}},"3":{"start":{"line":15,"column":2},"end":{"line":17,"column":null}},"4":{"start":{"line":16,"column":4},"end":{"line":16,"column":null}},"5":{"start":{"line":19,"column":2},"end":{"line":21,"column":null}},"6":{"start":{"line":20,"column":4},"end":{"line":20,"column":null}},"7":{"start":{"line":23,"column":2},"end":{"line":25,"column":null}},"8":{"start":{"line":24,"column":4},"end":{"line":24,"column":null}},"9":{"start":{"line":27,"column":2},"end":{"line":29,"column":null}},"10":{"start":{"line":28,"column":4},"end":{"line":28,"column":null}},"11":{"start":{"line":31,"column":2},"end":{"line":31,"column":null}}},"fnMap":{"0":{"name":"generateEnvFile","decl":{"start":{"line":7,"column":22},"end":{"line":7,"column":38}},"loc":{"start":{"line":7,"column":76},"end":{"line":32,"column":null}},"line":7}},"branchMap":{"0":{"loc":{"start":{"line":8,"column":115},"end":{"line":8,"column":166}},"type":"binary-expr","locations":[{"start":{"line":8,"column":115},"end":{"line":8,"column":153}},{"start":{"line":8,"column":153},"end":{"line":8,"column":166}}],"line":8},"1":{"loc":{"start":{"line":8,"column":188},"end":{"line":8,"column":234}},"type":"binary-expr","locations":[{"start":{"line":8,"column":188},"end":{"line":8,"column":221}},{"start":{"line":8,"column":221},"end":{"line":8,"column":234}}],"line":8},"2":{"loc":{"start":{"line":8,"column":326},"end":{"line":8,"column":390}},"type":"binary-expr","locations":[{"start":{"line":8,"column":326},"end":{"line":8,"column":356}},{"start":{"line":8,"column":356},"end":{"line":8,"column":390}}],"line":8},"3":{"loc":{"start":{"line":8,"column":425},"end":{"line":8,"column":474}},"type":"binary-expr","locations":[{"start":{"line":8,"column":425},"end":{"line":8,"column":459}},{"start":{"line":8,"column":459},"end":{"line":8,"column":474}}],"line":8},"4":{"loc":{"start":{"line":11,"column":2},"end":{"line":13,"column":null}},"type":"if","locations":[{"start":{"line":11,"column":2},"end":{"line":13,"column":null}},{"start":{},"end":{}}],"line":11},"5":{"loc":{"start":{"line":12,"column":103},"end":{"line":12,"column":168}},"type":"binary-expr","locations":[{"start":{"line":12,"column":103},"end":{"line":12,"column":137}},{"start":{"line":12,"column":137},"end":{"line":12,"column":168}}],"line":12},"6":{"loc":{"start":{"line":12,"column":198},"end":{"line":12,"column":252}},"type":"binary-expr","locations":[{"start":{"line":12,"column":198},"end":{"line":12,"column":234}},{"start":{"line":12,"column":234},"end":{"line":12,"column":252}}],"line":12},"7":{"loc":{"start":{"line":15,"column":2},"end":{"line":17,"column":null}},"type":"if","locations":[{"start":{"line":15,"column":2},"end":{"line":17,"column":null}},{"start":{},"end":{}}],"line":15},"8":{"loc":{"start":{"line":19,"column":2},"end":{"line":21,"column":null}},"type":"if","locations":[{"start":{"line":19,"column":2},"end":{"line":21,"column":null}},{"start":{},"end":{}}],"line":19},"9":{"loc":{"start":{"line":23,"column":2},"end":{"line":25,"column":null}},"type":"if","locations":[{"start":{"line":23,"column":2},"end":{"line":25,"column":null}},{"start":{},"end":{}}],"line":23},"10":{"loc":{"start":{"line":24,"column":74},"end":{"line":24,"column":148}},"type":"binary-expr","locations":[{"start":{"line":24,"column":74},"end":{"line":24,"column":102}},{"start":{"line":24,"column":102},"end":{"line":24,"column":148}}],"line":24},"11":{"loc":{"start":{"line":27,"column":2},"end":{"line":29,"column":null}},"type":"if","locations":[{"start":{"line":27,"column":2},"end":{"line":29,"column":null}},{"start":{},"end":{}}],"line":27},"12":{"loc":{"start":{"line":27,"column":6},"end":{"line":27,"column":61}},"type":"binary-expr","locations":[{"start":{"line":27,"column":6},"end":{"line":27,"column":36}},{"start":{"line":27,"column":36},"end":{"line":27,"column":61}}],"line":27}},"s":{"0":0,"1":0,"2":0,"3":0,"4":0,"5":0,"6":0,"7":0,"8":0,"9":0,"10":0,"11":0},"f":{"0":0},"b":{"0":[0,0],"1":[0,0],"2":[0,0],"3":[0,0],"4":[0,0],"5":[0,0],"6":[0,0],"7":[0,0],"8":[0,0],"9":[0,0],"10":[0,0],"11":[0,0],"12":[0,0]},"meta":{"lastBranch":13,"lastFunction":1,"lastStatement":12,"seen":{"f:7:22:7:38":0,"s:8:19:8:Infinity":0,"b:8:115:8:153:8:153:8:166":0,"b:8:188:8:221:8:221:8:234":1,"b:8:326:8:356:8:356:8:390":2,"b:8:425:8:459:8:459:8:474":3,"b:11:2:13:Infinity:undefined:undefined:undefined:undefined":4,"s:11:2:13:Infinity":1,"s:12:4:12:Infinity":2,"b:12:103:12:137:12:137:12:168":5,"b:12:198:12:234:12:234:12:252":6,"b:15:2:17:Infinity:undefined:undefined:undefined:undefined":7,"s:15:2:17:Infinity":3,"s:16:4:16:Infinity":4,"b:19:2:21:Infinity:undefined:undefined:undefined:undefined":8,"s:19:2:21:Infinity":5,"s:20:4:20:Infinity":6,"b:23:2:25:Infinity:undefined:undefined:undefined:undefined":9,"s:23:2:25:Infinity":7,"s:24:4:24:Infinity":8,"b:24:74:24:102:24:102:24:148":10,"b:27:2:29:Infinity:undefined:undefined:undefined:undefined":11,"s:27:2:29:Infinity":9,"b:27:6:27:36:27:36:27:61":12,"s:28:4:28:Infinity":10,"s:31:2:31:Infinity":11}}}
,"/Users/yusufemirsamsa/dev/create-mvp-app/src/lib/generators/landing-page.ts": {"path":"/Users/yusufemirsamsa/dev/create-mvp-app/src/lib/generators/landing-page.ts","statementMap":{"0":{"start":{"line":7,"column":29},"end":{"line":17,"column":null}},"1":{"start":{"line":158,"column":2},"end":{"line":158,"column":null}}},"fnMap":{"0":{"name":"generateLandingPage","decl":{"start":{"line":6,"column":22},"end":{"line":6,"column":42}},"loc":{"start":{"line":6,"column":76},"end":{"line":159,"column":null}},"line":6}},"branchMap":{},"s":{"0":0,"1":0},"f":{"0":0},"b":{},"meta":{"lastBranch":0,"lastFunction":1,"lastStatement":2,"seen":{"f:6:22:6:42":0,"s:7:29:17:Infinity":0,"s:158:2:158:Infinity":1}}}
,"/Users/yusufemirsamsa/dev/create-mvp-app/src/lib/generators/production-libs.ts": {"path":"/Users/yusufemirsamsa/dev/create-mvp-app/src/lib/generators/production-libs.ts","statementMap":{"0":{"start":{"line":9,"column":2},"end":{"line":13,"column":null}},"1":{"start":{"line":10,"column":28},"end":{"line":10,"column":null}},"2":{"start":{"line":11,"column":4},"end":{"line":11,"column":null}},"3":{"start":{"line":12,"column":4},"end":{"line":12,"column":null}},"4":{"start":{"line":15,"column":2},"end":{"line":19,"column":null}},"5":{"start":{"line":16,"column":27},"end":{"line":16,"column":null}},"6":{"start":{"line":17,"column":4},"end":{"line":17,"column":null}},"7":{"start":{"line":18,"column":4},"end":{"line":18,"column":null}},"8":{"start":{"line":21,"column":2},"end":{"line":26,"column":null}},"9":{"start":{"line":22,"column":26},"end":{"line":22,"column":null}},"10":{"start":{"line":23,"column":4},"end":{"line":23,"column":null}},"11":{"start":{"line":24,"column":4},"end":{"line":24,"column":null}},"12":{"start":{"line":25,"column":4},"end":{"line":25,"column":null}}},"fnMap":{"0":{"name":"generateProductionLibs","decl":{"start":{"line":7,"column":22},"end":{"line":7,"column":45}},"loc":{"start":{"line":7,"column":83},"end":{"line":27,"column":null}},"line":7}},"branchMap":{"0":{"loc":{"start":{"line":9,"column":2},"end":{"line":13,"column":null}},"type":"if","locations":[{"start":{"line":9,"column":2},"end":{"line":13,"column":null}},{"start":{},"end":{}}],"line":9},"1":{"loc":{"start":{"line":15,"column":2},"end":{"line":19,"column":null}},"type":"if","locations":[{"start":{"line":15,"column":2},"end":{"line":19,"column":null}},{"start":{},"end":{}}],"line":15},"2":{"loc":{"start":{"line":21,"column":2},"end":{"line":26,"column":null}},"type":"if","locations":[{"start":{"line":21,"column":2},"end":{"line":26,"column":null}},{"start":{},"end":{}}],"line":21}},"s":{"0":0,"1":0,"2":0,"3":0,"4":0,"5":0,"6":0,"7":0,"8":0,"9":0,"10":0,"11":0,"12":0},"f":{"0":0},"b":{"0":[0,0],"1":[0,0],"2":[0,0]},"meta":{"lastBranch":3,"lastFunction":1,"lastStatement":13,"seen":{"f:7:22:7:45":0,"b:9:2:13:Infinity:undefined:undefined:undefined:undefined":0,"s:9:2:13:Infinity":0,"s:10:28:10:Infinity":1,"s:11:4:11:Infinity":2,"s:12:4:12:Infinity":3,"b:15:2:19:Infinity:undefined:undefined:undefined:undefined":1,"s:15:2:19:Infinity":4,"s:16:27:16:Infinity":5,"s:17:4:17:Infinity":6,"s:18:4:18:Infinity":7,"b:21:2:26:Infinity:undefined:undefined:undefined:undefined":2,"s:21:2:26:Infinity":8,"s:22:26:22:Infinity":9,"s:23:4:23:Infinity":10,"s:24:4:24:Infinity":11,"s:25:4:25:Infinity":12}}}
,"/Users/yusufemirsamsa/dev/create-mvp-app/src/lib/git/init-git.ts": {"path":"/Users/yusufemirsamsa/dev/create-mvp-app/src/lib/git/init-git.ts","statementMap":{"0":{"start":{"line":13,"column":8},"end":{"line":13,"column":null}},"1":{"start":{"line":15,"column":2},"end":{"line":29,"column":null}},"2":{"start":{"line":16,"column":4},"end":{"line":16,"column":null}},"3":{"start":{"line":17,"column":4},"end":{"line":17,"column":null}},"4":{"start":{"line":19,"column":4},"end":{"line":19,"column":null}},"5":{"start":{"line":20,"column":4},"end":{"line":20,"column":null}},"6":{"start":{"line":22,"column":4},"end":{"line":22,"column":null}},"7":{"start":{"line":23,"column":4},"end":{"line":23,"column":null}},"8":{"start":{"line":25,"column":4},"end":{"line":25,"column":null}},"9":{"start":{"line":27,"column":4},"end":{"line":27,"column":null}},"10":{"start":{"line":28,"column":4},"end":{"line":28,"column":null}}},"fnMap":{"0":{"name":"initGit","decl":{"start":{"line":9,"column":22},"end":{"line":9,"column":null}},"loc":{"start":{"line":12,"column":17},"end":{"line":30,"column":null}},"line":12}},"branchMap":{},"s":{"0":0,"1":0,"2":0,"3":0,"4":0,"5":0,"6":0,"7":0,"8":0,"9":0,"10":0},"f":{"0":0},"b":{},"meta":{"lastBranch":0,"lastFunction":1,"lastStatement":11,"seen":{"f:9:22:9:Infinity":0,"s:13:8:13:Infinity":0,"s:15:2:29:Infinity":1,"s:16:4:16:Infinity":2,"s:17:4:17:Infinity":3,"s:19:4:19:Infinity":4,"s:20:4:20:Infinity":5,"s:22:4:22:Infinity":6,"s:23:4:23:Infinity":7,"s:25:4:25:Infinity":8,"s:27:4:27:Infinity":9,"s:28:4:28:Infinity":10}}}
,"/Users/yusufemirsamsa/dev/create-mvp-app/src/lib/installers/install-blocks.ts": {"path":"/Users/yusufemirsamsa/dev/create-mvp-app/src/lib/installers/install-blocks.ts","statementMap":{"0":{"start":{"line":10,"column":8},"end":{"line":10,"column":null}},"1":{"start":{"line":12,"column":2},"end":{"line":28,"column":null}},"2":{"start":{"line":13,"column":4},"end":{"line":13,"column":null}},"3":{"start":{"line":15,"column":4},"end":{"line":22,"column":null}},"4":{"start":{"line":16,"column":6},"end":{"line":16,"column":null}},"5":{"start":{"line":17,"column":6},"end":{"line":21,"column":null}},"6":{"start":{"line":24,"column":4},"end":{"line":24,"column":null}},"7":{"start":{"line":26,"column":4},"end":{"line":26,"column":null}}},"fnMap":{"0":{"name":"installBlocks","decl":{"start":{"line":5,"column":22},"end":{"line":5,"column":null}},"loc":{"start":{"line":9,"column":17},"end":{"line":29,"column":null}},"line":9}},"branchMap":{"0":{"loc":{"start":{"line":20,"column":8},"end":{"line":20,"column":null}},"type":"cond-expr","locations":[{"start":{"line":20,"column":20},"end":{"line":20,"column":52}},{"start":{"line":20,"column":52},"end":{"line":20,"column":null}}],"line":20}},"s":{"0":0,"1":0,"2":0,"3":0,"4":0,"5":0,"6":0,"7":0},"f":{"0":0},"b":{"0":[0,0]},"meta":{"lastBranch":1,"lastFunction":1,"lastStatement":8,"seen":{"f:5:22:5:Infinity":0,"s:10:8:10:Infinity":0,"s:12:2:28:Infinity":1,"s:13:4:13:Infinity":2,"s:15:4:22:Infinity":3,"s:16:6:16:Infinity":4,"s:17:6:21:Infinity":5,"b:20:20:20:52:20:52:20:Infinity":0,"s:24:4:24:Infinity":6,"s:26:4:26:Infinity":7}}}
,"/Users/yusufemirsamsa/dev/create-mvp-app/src/lib/installers/install-deps.ts": {"path":"/Users/yusufemirsamsa/dev/create-mvp-app/src/lib/installers/install-deps.ts","statementMap":{"0":{"start":{"line":11,"column":8},"end":{"line":11,"column":null}},"1":{"start":{"line":13,"column":2},"end":{"line":74,"column":null}},"2":{"start":{"line":14,"column":17},"end":{"line":14,"column":null}},"3":{"start":{"line":16,"column":4},"end":{"line":19,"column":null}},"4":{"start":{"line":17,"column":6},"end":{"line":17,"column":null}},"5":{"start":{"line":18,"column":6},"end":{"line":18,"column":null}},"6":{"start":{"line":21,"column":4},"end":{"line":24,"column":null}},"7":{"start":{"line":22,"column":6},"end":{"line":22,"column":null}},"8":{"start":{"line":23,"column":6},"end":{"line":23,"column":null}},"9":{"start":{"line":26,"column":4},"end":{"line":29,"column":null}},"10":{"start":{"line":27,"column":6},"end":{"line":27,"column":null}},"11":{"start":{"line":28,"column":6},"end":{"line":28,"column":null}},"12":{"start":{"line":32,"column":4},"end":{"line":35,"column":null}},"13":{"start":{"line":33,"column":6},"end":{"line":33,"column":null}},"14":{"start":{"line":34,"column":6},"end":{"line":34,"column":null}},"15":{"start":{"line":37,"column":4},"end":{"line":40,"column":null}},"16":{"start":{"line":38,"column":6},"end":{"line":38,"column":null}},"17":{"start":{"line":39,"column":6},"end":{"line":39,"column":null}},"18":{"start":{"line":42,"column":4},"end":{"line":45,"column":null}},"19":{"start":{"line":43,"column":6},"end":{"line":43,"column":null}},"20":{"start":{"line":44,"column":6},"end":{"line":44,"column":null}},"21":{"start":{"line":47,"column":4},"end":{"line":50,"column":null}},"22":{"start":{"line":48,"column":6},"end":{"line":48,"column":null}},"23":{"start":{"line":49,"column":6},"end":{"line":49,"column":null}},"24":{"start":{"line":52,"column":4},"end":{"line":55,"column":null}},"25":{"start":{"line":53,"column":6},"end":{"line":53,"column":null}},"26":{"start":{"line":54,"column":6},"end":{"line":54,"column":null}},"27":{"start":{"line":57,"column":4},"end":{"line":60,"column":null}},"28":{"start":{"line":58,"column":6},"end":{"line":58,"column":null}},"29":{"start":{"line":59,"column":6},"end":{"line":59,"column":null}},"30":{"start":{"line":62,"column":4},"end":{"line":65,"column":null}},"31":{"start":{"line":63,"column":6},"end":{"line":63,"column":null}},"32":{"start":{"line":64,"column":6},"end":{"line":64,"column":null}},"33":{"start":{"line":67,"column":4},"end":{"line":67,"column":null}},"34":{"start":{"line":68,"column":4},"end":{"line":68,"column":null}},"35":{"start":{"line":70,"column":4},"end":{"line":70,"column":null}},"36":{"start":{"line":72,"column":4},"end":{"line":72,"column":null}},"37":{"start":{"line":73,"column":4},"end":{"line":73,"column":null}},"38":{"start":{"line":82,"column":8},"end":{"line":82,"column":null}},"39":{"start":{"line":84,"column":2},"end":{"line":104,"column":null}},"40":{"start":{"line":85,"column":4},"end":{"line":85,"column":null}},"41":{"start":{"line":86,"column":4},"end":{"line":98,"column":null}},"42":{"start":{"line":100,"column":4},"end":{"line":100,"column":null}},"43":{"start":{"line":102,"column":4},"end":{"line":102,"column":null}},"44":{"start":{"line":103,"column":4},"end":{"line":103,"column":null}}},"fnMap":{"0":{"name":"installDependencies","decl":{"start":{"line":6,"column":22},"end":{"line":6,"column":null}},"loc":{"start":{"line":10,"column":17},"end":{"line":75,"column":null}},"line":10},"1":{"name":"installDevDependencies","decl":{"start":{"line":77,"column":22},"end":{"line":77,"column":null}},"loc":{"start":{"line":81,"column":17},"end":{"line":105,"column":null}},"line":81}},"branchMap":{"0":{"loc":{"start":{"line":16,"column":4},"end":{"line":19,"column":null}},"type":"if","locations":[{"start":{"line":16,"column":4},"end":{"line":19,"column":null}},{"start":{},"end":{}}],"line":16},"1":{"loc":{"start":{"line":21,"column":4},"end":{"line":24,"column":null}},"type":"if","locations":[{"start":{"line":21,"column":4},"end":{"line":24,"column":null}},{"start":{},"end":{}}],"line":21},"2":{"loc":{"start":{"line":26,"column":4},"end":{"line":29,"column":null}},"type":"if","locations":[{"start":{"line":26,"column":4},"end":{"line":29,"column":null}},{"start":{},"end":{}}],"line":26},"3":{"loc":{"start":{"line":26,"column":8},"end":{"line":26,"column":48}},"type":"binary-expr","locations":[{"start":{"line":26,"column":8},"end":{"line":26,"column":30}},{"start":{"line":26,"column":30},"end":{"line":26,"column":48}}],"line":26},"4":{"loc":{"start":{"line":32,"column":4},"end":{"line":35,"column":null}},"type":"if","locations":[{"start":{"line":32,"column":4},"end":{"line":35,"column":null}},{"start":{},"end":{}}],"line":32},"5":{"loc":{"start":{"line":37,"column":4},"end":{"line":40,"column":null}},"type":"if","locations":[{"start":{"line":37,"column":4},"end":{"line":40,"column":null}},{"start":{},"end":{}}],"line":37},"6":{"loc":{"start":{"line":42,"column":4},"end":{"line":45,"column":null}},"type":"if","locations":[{"start":{"line":42,"column":4},"end":{"line":45,"column":null}},{"start":{},"end":{}}],"line":42},"7":{"loc":{"start":{"line":47,"column":4},"end":{"line":50,"column":null}},"type":"if","locations":[{"start":{"line":47,"column":4},"end":{"line":50,"column":null}},{"start":{},"end":{}}],"line":47},"8":{"loc":{"start":{"line":52,"column":4},"end":{"line":55,"column":null}},"type":"if","locations":[{"start":{"line":52,"column":4},"end":{"line":55,"column":null}},{"start":{},"end":{}}],"line":52},"9":{"loc":{"start":{"line":57,"column":4},"end":{"line":60,"column":null}},"type":"if","locations":[{"start":{"line":57,"column":4},"end":{"line":60,"column":null}},{"start":{},"end":{}}],"line":57},"10":{"loc":{"start":{"line":62,"column":4},"end":{"line":65,"column":null}},"type":"if","locations":[{"start":{"line":62,"column":4},"end":{"line":65,"column":null}},{"start":{},"end":{}}],"line":62}},"s":{"0":0,"1":0,"2":0,"3":0,"4":0,"5":0,"6":0,"7":0,"8":0,"9":0,"10":0,"11":0,"12":0,"13":0,"14":0,"15":0,"16":0,"17":0,"18":0,"19":0,"20":0,"21":0,"22":0,"23":0,"24":0,"25":0,"26":0,"27":0,"28":0,"29":0,"30":0,"31":0,"32":0,"33":0,"34":0,"35":0,"36":0,"37":0,"38":0,"39":0,"40":0,"41":0,"42":0,"43":0,"44":0},"f":{"0":0,"1":0},"b":{"0":[0,0],"1":[0,0],"2":[0,0],"3":[0,0],"4":[0,0],"5":[0,0],"6":[0,0],"7":[0,0],"8":[0,0],"9":[0,0],"10":[0,0]},"meta":{"lastBranch":11,"lastFunction":2,"lastStatement":45,"seen":{"f:6:22:6:Infinity":0,"s:11:8:11:Infinity":0,"s:13:2:74:Infinity":1,"s:14:17:14:Infinity":2,"b:16:4:19:Infinity:undefined:undefined:undefined:undefined":0,"s:16:4:19:Infinity":3,"s:17:6:17:Infinity":4,"s:18:6:18:Infinity":5,"b:21:4:24:Infinity:undefined:undefined:undefined:undefined":1,"s:21:4:24:Infinity":6,"s:22:6:22:Infinity":7,"s:23:6:23:Infinity":8,"b:26:4:29:Infinity:undefined:undefined:undefined:undefined":2,"s:26:4:29:Infinity":9,"b:26:8:26:30:26:30:26:48":3,"s:27:6:27:Infinity":10,"s:28:6:28:Infinity":11,"b:32:4:35:Infinity:undefined:undefined:undefined:undefined":4,"s:32:4:35:Infinity":12,"s:33:6:33:Infinity":13,"s:34:6:34:Infinity":14,"b:37:4:40:Infinity:undefined:undefined:undefined:undefined":5,"s:37:4:40:Infinity":15,"s:38:6:38:Infinity":16,"s:39:6:39:Infinity":17,"b:42:4:45:Infinity:undefined:undefined:undefined:undefined":6,"s:42:4:45:Infinity":18,"s:43:6:43:Infinity":19,"s:44:6:44:Infinity":20,"b:47:4:50:Infinity:undefined:undefined:undefined:undefined":7,"s:47:4:50:Infinity":21,"s:48:6:48:Infinity":22,"s:49:6:49:Infinity":23,"b:52:4:55:Infinity:undefined:undefined:undefined:undefined":8,"s:52:4:55:Infinity":24,"s:53:6:53:Infinity":25,"s:54:6:54:Infinity":26,"b:57:4:60:Infinity:undefined:undefined:undefined:undefined":9,"s:57:4:60:Infinity":27,"s:58:6:58:Infinity":28,"s:59:6:59:Infinity":29,"b:62:4:65:Infinity:undefined:undefined:undefined:undefined":10,"s:62:4:65:Infinity":30,"s:63:6:63:Infinity":31,"s:64:6:64:Infinity":32,"s:67:4:67:Infinity":33,"s:68:4:68:Infinity":34,"s:70:4:70:Infinity":35,"s:72:4:72:Infinity":36,"s:73:4:73:Infinity":37,"f:77:22:77:Infinity":1,"s:82:8:82:Infinity":38,"s:84:2:104:Infinity":39,"s:85:4:85:Infinity":40,"s:86:4:98:Infinity":41,"s:100:4:100:Infinity":42,"s:102:4:102:Infinity":43,"s:103:4:103:Infinity":44}}}
,"/Users/yusufemirsamsa/dev/create-mvp-app/src/lib/installers/install-nextjs.ts": {"path":"/Users/yusufemirsamsa/dev/create-mvp-app/src/lib/installers/install-nextjs.ts","statementMap":{"0":{"start":{"line":10,"column":8},"end":{"line":10,"column":null}},"1":{"start":{"line":12,"column":2},"end":{"line":25,"column":null}},"2":{"start":{"line":13,"column":4},"end":{"line":13,"column":null}},"3":{"start":{"line":15,"column":4},"end":{"line":19,"column":null}},"4":{"start":{"line":21,"column":4},"end":{"line":21,"column":null}},"5":{"start":{"line":23,"column":4},"end":{"line":23,"column":null}},"6":{"start":{"line":24,"column":4},"end":{"line":24,"column":null}}},"fnMap":{"0":{"name":"installNextjs","decl":{"start":{"line":5,"column":22},"end":{"line":5,"column":null}},"loc":{"start":{"line":9,"column":17},"end":{"line":26,"column":null}},"line":9}},"branchMap":{},"s":{"0":0,"1":0,"2":0,"3":0,"4":0,"5":0,"6":0},"f":{"0":0},"b":{},"meta":{"lastBranch":0,"lastFunction":1,"lastStatement":7,"seen":{"f:5:22:5:Infinity":0,"s:10:8:10:Infinity":0,"s:12:2:25:Infinity":1,"s:13:4:13:Infinity":2,"s:15:4:19:Infinity":3,"s:21:4:21:Infinity":4,"s:23:4:23:Infinity":5,"s:24:4:24:Infinity":6}}}
,"/Users/yusufemirsamsa/dev/create-mvp-app/src/lib/installers/install-pnpm.ts": {"path":"/Users/yusufemirsamsa/dev/create-mvp-app/src/lib/installers/install-pnpm.ts","statementMap":{"0":{"start":{"line":9,"column":8},"end":{"line":9,"column":null}},"1":{"start":{"line":11,"column":2},"end":{"line":22,"column":null}},"2":{"start":{"line":12,"column":4},"end":{"line":12,"column":null}},"3":{"start":{"line":13,"column":4},"end":{"line":13,"column":null}},"4":{"start":{"line":15,"column":4},"end":{"line":15,"column":null}},"5":{"start":{"line":16,"column":4},"end":{"line":16,"column":null}},"6":{"start":{"line":18,"column":4},"end":{"line":18,"column":null}},"7":{"start":{"line":20,"column":4},"end":{"line":20,"column":null}},"8":{"start":{"line":21,"column":4},"end":{"line":21,"column":null}}},"fnMap":{"0":{"name":"installPnpm","decl":{"start":{"line":5,"column":22},"end":{"line":5,"column":null}},"loc":{"start":{"line":8,"column":17},"end":{"line":23,"column":null}},"line":8}},"branchMap":{},"s":{"0":0,"1":0,"2":0,"3":0,"4":0,"5":0,"6":0,"7":0,"8":0},"f":{"0":0},"b":{},"meta":{"lastBranch":0,"lastFunction":1,"lastStatement":9,"seen":{"f:5:22:5:Infinity":0,"s:9:8:9:Infinity":0,"s:11:2:22:Infinity":1,"s:12:4:12:Infinity":2,"s:13:4:13:Infinity":3,"s:15:4:15:Infinity":4,"s:16:4:16:Infinity":5,"s:18:4:18:Infinity":6,"s:20:4:20:Infinity":7,"s:21:4:21:Infinity":8}}}
,"/Users/yusufemirsamsa/dev/create-mvp-app/src/lib/installers/install-shadcn.ts": {"path":"/Users/yusufemirsamsa/dev/create-mvp-app/src/lib/installers/install-shadcn.ts","statementMap":{"0":{"start":{"line":9,"column":8},"end":{"line":9,"column":null}},"1":{"start":{"line":11,"column":2},"end":{"line":22,"column":null}},"2":{"start":{"line":12,"column":4},"end":{"line":12,"column":null}},"3":{"start":{"line":13,"column":4},"end":{"line":13,"column":null}},"4":{"start":{"line":15,"column":4},"end":{"line":15,"column":null}},"5":{"start":{"line":16,"column":4},"end":{"line":16,"column":null}},"6":{"start":{"line":18,"column":4},"end":{"line":18,"column":null}},"7":{"start":{"line":20,"column":4},"end":{"line":20,"column":null}},"8":{"start":{"line":21,"column":4},"end":{"line":21,"column":null}}},"fnMap":{"0":{"name":"installShadcn","decl":{"start":{"line":5,"column":22},"end":{"line":5,"column":null}},"loc":{"start":{"line":8,"column":17},"end":{"line":23,"column":null}},"line":8}},"branchMap":{},"s":{"0":0,"1":0,"2":0,"3":0,"4":0,"5":0,"6":0,"7":0,"8":0},"f":{"0":0},"b":{},"meta":{"lastBranch":0,"lastFunction":1,"lastStatement":9,"seen":{"f:5:22:5:Infinity":0,"s:9:8:9:Infinity":0,"s:11:2:22:Infinity":1,"s:12:4:12:Infinity":2,"s:13:4:13:Infinity":3,"s:15:4:15:Infinity":4,"s:16:4:16:Infinity":5,"s:18:4:18:Infinity":6,"s:20:4:20:Infinity":7,"s:21:4:21:Infinity":8}}}
,"/Users/yusufemirsamsa/dev/create-mvp-app/src/utils/brand-name.ts": {"path":"/Users/yusufemirsamsa/dev/create-mvp-app/src/utils/brand-name.ts","statementMap":{"0":{"start":{"line":6,"column":2},"end":{"line":9,"column":null}},"1":{"start":{"line":8,"column":17},"end":{"line":8,"column":61}}},"fnMap":{"0":{"name":"projectNameToBrandName","decl":{"start":{"line":5,"column":16},"end":{"line":5,"column":39}},"loc":{"start":{"line":5,"column":68},"end":{"line":10,"column":null}},"line":5},"1":{"name":"(anonymous_1)","decl":{"start":{"line":8,"column":9},"end":{"line":8,"column":17}},"loc":{"start":{"line":8,"column":17},"end":{"line":8,"column":61}},"line":8}},"branchMap":{},"s":{"0":0,"1":0},"f":{"0":0,"1":0},"b":{},"meta":{"lastBranch":0,"lastFunction":2,"lastStatement":2,"seen":{"f:5:16:5:39":0,"s:6:2:9:Infinity":0,"f:8:9:8:17":1,"s:8:17:8:61":1}}}
,"/Users/yusufemirsamsa/dev/create-mvp-app/src/utils/constants.ts": {"path":"/Users/yusufemirsamsa/dev/create-mvp-app/src/utils/constants.ts","statementMap":{"0":{"start":{"line":4,"column":29},"end":{"line":22,"column":null}}},"fnMap":{},"branchMap":{},"s":{"0":0},"f":{},"b":{},"meta":{"lastBranch":0,"lastFunction":0,"lastStatement":1,"seen":{"s:4:29:22:Infinity":0}}}
,"/Users/yusufemirsamsa/dev/create-mvp-app/src/utils/logger.ts": {"path":"/Users/yusufemirsamsa/dev/create-mvp-app/src/utils/logger.ts","statementMap":{"0":{"start":{"line":15,"column":2},"end":{"line":25,"column":null}},"1":{"start":{"line":17,"column":6},"end":{"line":19,"column":null}},"2":{"start":{"line":18,"column":8},"end":{"line":18,"column":null}},"3":{"start":{"line":21,"column":31},"end":{"line":21,"column":null}},"4":{"start":{"line":22,"column":32},"end":{"line":22,"column":null}},"5":{"start":{"line":23,"column":34},"end":{"line":23,"column":null}},"6":{"start":{"line":24,"column":31},"end":{"line":24,"column":null}}},"fnMap":{"0":{"name":"createLogger","decl":{"start":{"line":14,"column":16},"end":{"line":14,"column":29}},"loc":{"start":{"line":14,"column":57},"end":{"line":26,"column":null}},"line":14},"1":{"name":"(anonymous_1)","decl":{"start":{"line":16,"column":11},"end":{"line":16,"column":12}},"loc":{"start":{"line":16,"column":32},"end":{"line":20,"column":null}},"line":16},"2":{"name":"(anonymous_2)","decl":{"start":{"line":21,"column":10},"end":{"line":21,"column":11}},"loc":{"start":{"line":21,"column":31},"end":{"line":21,"column":null}},"line":21},"3":{"name":"(anonymous_3)","decl":{"start":{"line":22,"column":11},"end":{"line":22,"column":12}},"loc":{"start":{"line":22,"column":32},"end":{"line":22,"column":null}},"line":22},"4":{"name":"(anonymous_4)","decl":{"start":{"line":23,"column":13},"end":{"line":23,"column":14}},"loc":{"start":{"line":23,"column":34},"end":{"line":23,"column":null}},"line":23},"5":{"name":"(anonymous_5)","decl":{"start":{"line":24,"column":10},"end":{"line":24,"column":11}},"loc":{"start":{"line":24,"column":31},"end":{"line":24,"column":null}},"line":24}},"branchMap":{"0":{"loc":{"start":{"line":17,"column":6},"end":{"line":19,"column":null}},"type":"if","locations":[{"start":{"line":17,"column":6},"end":{"line":19,"column":null}},{"start":{},"end":{}}],"line":17}},"s":{"0":0,"1":0,"2":0,"3":0,"4":0,"5":0,"6":0},"f":{"0":0,"1":0,"2":0,"3":0,"4":0,"5":0},"b":{"0":[0,0]},"meta":{"lastBranch":1,"lastFunction":6,"lastStatement":7,"seen":{"f:14:16:14:29":0,"s:15:2:25:Infinity":0,"f:16:11:16:12":1,"b:17:6:19:Infinity:undefined:undefined:undefined:undefined":0,"s:17:6:19:Infinity":1,"s:18:8:18:Infinity":2,"f:21:10:21:11":2,"s:21:31:21:Infinity":3,"f:22:11:22:12":3,"s:22:32:22:Infinity":4,"f:23:13:23:14":4,"s:23:34:23:Infinity":5,"f:24:10:24:11":5,"s:24:31:24:Infinity":6}}}
}
